Determining if the Q_WS_WIN exist failed with the following output:
Change Dir: /home/santy/robocomp/components/robotica2016/supervisor/CMakeFiles/CMakeTmp

Run Build Command:"/usr/bin/make" "cmTC_cd8e1/fast"
/usr/bin/make -f CMakeFiles/cmTC_cd8e1.dir/build.make CMakeFiles/cmTC_cd8e1.dir/build
make[1]: se entra en el directorio '/home/santy/robocomp/components/robotica2016/supervisor/CMakeFiles/CMakeTmp'
Building CXX object CMakeFiles/cmTC_cd8e1.dir/CheckSymbolExists.cxx.o
/usr/bin/c++    -I/usr/include/qt4   -o CMakeFiles/cmTC_cd8e1.dir/CheckSymbolExists.cxx.o -c /home/santy/robocomp/components/robotica2016/supervisor/CMakeFiles/CMakeTmp/CheckSymbolExists.cxx
/home/santy/robocomp/components/robotica2016/supervisor/CMakeFiles/CMakeTmp/CheckSymbolExists.cxx: In function ‘int main(int, char**)’:
/home/santy/robocomp/components/robotica2016/supervisor/CMakeFiles/CMakeTmp/CheckSymbolExists.cxx:8:19: error: ‘Q_WS_WIN’ was not declared in this scope
   return ((int*)(&Q_WS_WIN))[argc];
                   ^
CMakeFiles/cmTC_cd8e1.dir/build.make:65: fallo en las instrucciones para el objetivo 'CMakeFiles/cmTC_cd8e1.dir/CheckSymbolExists.cxx.o'
make[1]: *** [CMakeFiles/cmTC_cd8e1.dir/CheckSymbolExists.cxx.o] Error 1
make[1]: se sale del directorio '/home/santy/robocomp/components/robotica2016/supervisor/CMakeFiles/CMakeTmp'
Makefile:126: fallo en las instrucciones para el objetivo 'cmTC_cd8e1/fast'
make: *** [cmTC_cd8e1/fast] Error 2

File /home/santy/robocomp/components/robotica2016/supervisor/CMakeFiles/CMakeTmp/CheckSymbolExists.cxx:
/* */
#include <QtCore/qglobal.h>

int main(int argc, char** argv)
{
  (void)argv;
#ifndef Q_WS_WIN
  return ((int*)(&Q_WS_WIN))[argc];
#else
  (void)argc;
  return 0;
#endif
}

Determining if the Q_WS_QWS exist failed with the following output:
Change Dir: /home/santy/robocomp/components/robotica2016/supervisor/CMakeFiles/CMakeTmp

Run Build Command:"/usr/bin/make" "cmTC_0bf6b/fast"
/usr/bin/make -f CMakeFiles/cmTC_0bf6b.dir/build.make CMakeFiles/cmTC_0bf6b.dir/build
make[1]: se entra en el directorio '/home/santy/robocomp/components/robotica2016/supervisor/CMakeFiles/CMakeTmp'
Building CXX object CMakeFiles/cmTC_0bf6b.dir/CheckSymbolExists.cxx.o
/usr/bin/c++    -I/usr/include/qt4   -o CMakeFiles/cmTC_0bf6b.dir/CheckSymbolExists.cxx.o -c /home/santy/robocomp/components/robotica2016/supervisor/CMakeFiles/CMakeTmp/CheckSymbolExists.cxx
/home/santy/robocomp/components/robotica2016/supervisor/CMakeFiles/CMakeTmp/CheckSymbolExists.cxx: In function ‘int main(int, char**)’:
/home/santy/robocomp/components/robotica2016/supervisor/CMakeFiles/CMakeTmp/CheckSymbolExists.cxx:8:19: error: ‘Q_WS_QWS’ was not declared in this scope
   return ((int*)(&Q_WS_QWS))[argc];
                   ^
CMakeFiles/cmTC_0bf6b.dir/build.make:65: fallo en las instrucciones para el objetivo 'CMakeFiles/cmTC_0bf6b.dir/CheckSymbolExists.cxx.o'
make[1]: *** [CMakeFiles/cmTC_0bf6b.dir/CheckSymbolExists.cxx.o] Error 1
make[1]: se sale del directorio '/home/santy/robocomp/components/robotica2016/supervisor/CMakeFiles/CMakeTmp'
Makefile:126: fallo en las instrucciones para el objetivo 'cmTC_0bf6b/fast'
make: *** [cmTC_0bf6b/fast] Error 2

File /home/santy/robocomp/components/robotica2016/supervisor/CMakeFiles/CMakeTmp/CheckSymbolExists.cxx:
/* */
#include <QtCore/qglobal.h>

int main(int argc, char** argv)
{
  (void)argv;
#ifndef Q_WS_QWS
  return ((int*)(&Q_WS_QWS))[argc];
#else
  (void)argc;
  return 0;
#endif
}

Determining if the Q_WS_MAC exist failed with the following output:
Change Dir: /home/santy/robocomp/components/robotica2016/supervisor/CMakeFiles/CMakeTmp

Run Build Command:"/usr/bin/make" "cmTC_3b5d7/fast"
/usr/bin/make -f CMakeFiles/cmTC_3b5d7.dir/build.make CMakeFiles/cmTC_3b5d7.dir/build
make[1]: se entra en el directorio '/home/santy/robocomp/components/robotica2016/supervisor/CMakeFiles/CMakeTmp'
Building CXX object CMakeFiles/cmTC_3b5d7.dir/CheckSymbolExists.cxx.o
/usr/bin/c++    -I/usr/include/qt4   -o CMakeFiles/cmTC_3b5d7.dir/CheckSymbolExists.cxx.o -c /home/santy/robocomp/components/robotica2016/supervisor/CMakeFiles/CMakeTmp/CheckSymbolExists.cxx
/home/santy/robocomp/components/robotica2016/supervisor/CMakeFiles/CMakeTmp/CheckSymbolExists.cxx: In function ‘int main(int, char**)’:
/home/santy/robocomp/components/robotica2016/supervisor/CMakeFiles/CMakeTmp/CheckSymbolExists.cxx:8:19: error: ‘Q_WS_MAC’ was not declared in this scope
   return ((int*)(&Q_WS_MAC))[argc];
                   ^
CMakeFiles/cmTC_3b5d7.dir/build.make:65: fallo en las instrucciones para el objetivo 'CMakeFiles/cmTC_3b5d7.dir/CheckSymbolExists.cxx.o'
make[1]: *** [CMakeFiles/cmTC_3b5d7.dir/CheckSymbolExists.cxx.o] Error 1
make[1]: se sale del directorio '/home/santy/robocomp/components/robotica2016/supervisor/CMakeFiles/CMakeTmp'
Makefile:126: fallo en las instrucciones para el objetivo 'cmTC_3b5d7/fast'
make: *** [cmTC_3b5d7/fast] Error 2

File /home/santy/robocomp/components/robotica2016/supervisor/CMakeFiles/CMakeTmp/CheckSymbolExists.cxx:
/* */
#include <QtCore/qglobal.h>

int main(int argc, char** argv)
{
  (void)argv;
#ifndef Q_WS_MAC
  return ((int*)(&Q_WS_MAC))[argc];
#else
  (void)argc;
  return 0;
#endif
}

